<?xml version="1.0" encoding="UTF-8"?>
<!-- Generated by org.testng.reporters.JUnitReportReporter -->
<testsuite hostname="LAPTOP-PE6KLI7D" failures="0" tests="1" name="testCases.Tc001AccountRegistrationPage" time="0.231" errors="0" timestamp="2023-07-21T13:10:10 IST" skipped="0">
  <testcase classname="testCases.Tc001AccountRegistrationPage" name="account_reg" time="0.231"/>
</testsuite> <!-- testCases.Tc001AccountRegistrationPage -->
